volume number: 1
surf number: 11
4
5.000000000000000e+00, -5.000000000000000e+00, 0.000000000000000e+00
5.000000000000000e+00, 5.000000000000000e+00, 0.000000000000000e+00
-5.000000000000000e+00, 5.000000000000000e+00, 0.000000000000000e+00
-5.000000000000000e+00, -5.000000000000000e+00, 0.000000000000000e+00
hole number: 1
4
0.000000000000000e+00, 1.000000000000000e+00, 0.000000000000000e+00
1.000000000000000e+00, 1.000000000000000e+00, 0.000000000000000e+00
1.000000000000000e+00, 0.000000000000000e+00, 0.000000000000000e+00
0.000000000000000e+00, 0.000000000000000e+00, 0.000000000000000e+00
4
1.154700538379252e-01, 8.845299461620748e-01, 2.000000000000000e-01
1.154700538379252e-01, 1.154700538379252e-01, 2.000000000000000e-01
8.845299461620748e-01, 1.154700538379252e-01, 2.000000000000000e-01
8.845299461620748e-01, 8.845299461620748e-01, 2.000000000000000e-01
4
1.000000000000000e+00, 1.000000000000000e+00, 0.000000000000000e+00
0.000000000000000e+00, 1.000000000000000e+00, 0.000000000000000e+00
1.154700538379252e-01, 8.845299461620748e-01, 2.000000000000000e-01
8.845299461620748e-01, 8.845299461620748e-01, 2.000000000000000e-01
4
8.845299461620748e-01, 8.845299461620748e-01, 2.000000000000000e-01
8.845299461620748e-01, 1.154700538379252e-01, 2.000000000000000e-01
1.000000000000000e+00, 0.000000000000000e+00, 0.000000000000000e+00
1.000000000000000e+00, 1.000000000000000e+00, 0.000000000000000e+00
4
1.154700538379252e-01, 1.154700538379252e-01, 2.000000000000000e-01
0.000000000000000e+00, 0.000000000000000e+00, 0.000000000000000e+00
1.000000000000000e+00, 0.000000000000000e+00, 0.000000000000000e+00
8.845299461620748e-01, 1.154700538379252e-01, 2.000000000000000e-01
4
0.000000000000000e+00, 1.000000000000000e+00, 0.000000000000000e+00
0.000000000000000e+00, 0.000000000000000e+00, 0.000000000000000e+00
1.154700538379252e-01, 1.154700538379252e-01, 2.000000000000000e-01
1.154700538379252e-01, 8.845299461620748e-01, 2.000000000000000e-01
4
-5.000000000000000e+00, 5.000000000000000e+00, 3.000000000000000e-01
5.000000000000000e+00, 5.000000000000000e+00, 3.000000000000000e-01
5.000000000000000e+00, -5.000000000000000e+00, 3.000000000000000e-01
-5.000000000000000e+00, -5.000000000000000e+00, 3.000000000000000e-01
4
-5.000000000000000e+00, 5.000000000000000e+00, 0.000000000000000e+00
-5.000000000000000e+00, 5.000000000000000e+00, 3.000000000000000e-01
-5.000000000000000e+00, -5.000000000000000e+00, 3.000000000000000e-01
-5.000000000000000e+00, -5.000000000000000e+00, 0.000000000000000e+00
4
5.000000000000000e+00, 5.000000000000000e+00, 0.000000000000000e+00
5.000000000000000e+00, 5.000000000000000e+00, 3.000000000000000e-01
-5.000000000000000e+00, 5.000000000000000e+00, 3.000000000000000e-01
-5.000000000000000e+00, 5.000000000000000e+00, 0.000000000000000e+00
4
5.000000000000000e+00, -5.000000000000000e+00, 3.000000000000000e-01
5.000000000000000e+00, 5.000000000000000e+00, 3.000000000000000e-01
5.000000000000000e+00, 5.000000000000000e+00, 0.000000000000000e+00
5.000000000000000e+00, -5.000000000000000e+00, 0.000000000000000e+00
4
-5.000000000000000e+00, -5.000000000000000e+00, 3.000000000000000e-01
5.000000000000000e+00, -5.000000000000000e+00, 3.000000000000000e-01
5.000000000000000e+00, -5.000000000000000e+00, 0.000000000000000e+00
-5.000000000000000e+00, -5.000000000000000e+00, 0.000000000000000e+00
