surf number: 6
4
0.000000000000000e+00, 0.000000000000000e+00, 0.000000000000000e+00
0.000000000000000e+00, 1.000000000000000e+00, 0.000000000000000e+00
3.400000000000000e-01, 6.600000000000000e-01, 2.000000000000000e-01
3.400000000000000e-01, 3.400000000000000e-01, 2.000000000000000e-01
4
0.000000000000000e+00, 0.000000000000000e+00, 0.000000000000000e+00
3.400000000000000e-01, 3.400000000000000e-01, 2.000000000000000e-01
6.600000000000000e-01, 3.400000000000000e-01, 2.000000000000000e-01
1.000000000000000e+00, 0.000000000000000e+00, 0.000000000000000e+00
4
0.000000000000000e+00, 0.000000000000000e+00, 0.000000000000000e+00
1.000000000000000e+00, 0.000000000000000e+00, 0.000000000000000e+00
1.000000000000000e+00, 1.000000000000000e+00, 0.000000000000000e+00
0.000000000000000e+00, 1.000000000000000e+00, 0.000000000000000e+00
4
3.400000000000000e-01, 3.400000000000000e-01, 2.000000000000000e-01
3.400000000000000e-01, 6.600000000000000e-01, 2.000000000000000e-01
6.600000000000000e-01, 6.600000000000000e-01, 2.000000000000000e-01
6.600000000000000e-01, 3.400000000000000e-01, 2.000000000000000e-01
4
0.000000000000000e+00, 1.000000000000000e+00, 0.000000000000000e+00
1.000000000000000e+00, 1.000000000000000e+00, 0.000000000000000e+00
6.600000000000000e-01, 6.600000000000000e-01, 2.000000000000000e-01
3.400000000000000e-01, 6.600000000000000e-01, 2.000000000000000e-01
4
6.600000000000000e-01, 3.400000000000000e-01, 2.000000000000000e-01
6.600000000000000e-01, 6.600000000000000e-01, 2.000000000000000e-01
1.000000000000000e+00, 1.000000000000000e+00, 0.000000000000000e+00
1.000000000000000e+00, 0.000000000000000e+00, 0.000000000000000e+00
