volume number: 3
surf number: 13
4
2.000000000000000e+00, 0.000000000000000e+00, 0.000000000000000e+00
0.000000000000000e+00, 0.000000000000000e+00, 0.000000000000000e+00
0.000000000000000e+00, 2.000000000000000e+00, 0.000000000000000e+00
2.000000000000000e+00, 2.000000000000000e+00, 0.000000000000000e+00
4
0.000000000000000e+00, 2.000000000000000e+00, 0.000000000000000e+00
0.000000000000000e+00, 0.000000000000000e+00, 0.000000000000000e+00
0.000000000000000e+00, 0.000000000000000e+00, 2.000000000000000e+00
0.000000000000000e+00, 2.000000000000000e+00, 2.000000000000000e+00
4
2.000000000000000e+00, 0.000000000000000e+00, 2.000000000000000e+00
2.000000000000000e+00, 0.000000000000000e+00, 0.000000000000000e+00
2.000000000000000e+00, 2.000000000000000e+00, 0.000000000000000e+00
2.000000000000000e+00, 2.000000000000000e+00, 2.000000000000000e+00
4
0.000000000000000e+00, 2.000000000000000e+00, 2.000000000000000e+00
0.000000000000000e+00, 0.000000000000000e+00, 2.000000000000000e+00
1.000000000000000e+00, 0.000000000000000e+00, 1.333333333333333e+00
1.000000000000000e+00, 2.000000000000000e+00, 1.333333333333333e+00
4
1.000000000000000e+00, 2.000000000000000e+00, 1.333333333333333e+00
1.000000000000000e+00, 0.000000000000000e+00, 1.333333333333333e+00
2.000000000000000e+00, 0.000000000000000e+00, 2.000000000000000e+00
2.000000000000000e+00, 2.000000000000000e+00, 2.000000000000000e+00
8
0.000000000000000e+00, 0.000000000000000e+00, 2.000000000000000e+00
0.000000000000000e+00, 0.000000000000000e+00, 0.000000000000000e+00
2.000000000000000e+00, 0.000000000000000e+00, 0.000000000000000e+00
2.000000000000000e+00, 0.000000000000000e+00, 2.000000000000000e+00
1.000000000000000e+00, 0.000000000000000e+00, 1.333333333333333e+00
1.500000000000000e+00, 0.000000000000000e+00, 1.000000000000000e+00
5.000000000000000e-01, 0.000000000000000e+00, 1.000000000000000e+00
1.000000000000000e+00, 0.000000000000000e+00, 1.333333333333333e+00
3
2.000000000000000e+00, 0.000000000000000e+00, 2.000000000000000e+00
0.000000000000000e+00, 0.000000000000000e+00, 2.000000000000000e+00
1.000000000000000e+00, 0.000000000000000e+00, 1.333333333333333e+00
3
2.000000000000000e+00, 0.000000000000000e+00, 2.000000000000000e+00
1.000000000000000e+00, 0.000000000000000e+00, 1.333333333333333e+00
0.000000000000000e+00, 0.000000000000000e+00, 2.000000000000000e+00
3
1.000000000000000e+00, 0.000000000000000e+00, 1.333333333333333e+00
5.000000000000000e-01, 0.000000000000000e+00, 1.000000000000000e+00
1.500000000000000e+00, 0.000000000000000e+00, 1.000000000000000e+00
8
2.000000000000000e+00, 2.000000000000000e+00, 0.000000000000000e+00
0.000000000000000e+00, 2.000000000000000e+00, 0.000000000000000e+00
0.000000000000000e+00, 2.000000000000000e+00, 2.000000000000000e+00
1.000000000000000e+00, 2.000000000000000e+00, 1.333333333333333e+00
5.000000000000000e-01, 2.000000000000000e+00, 1.000000000000000e+00
1.500000000000000e+00, 2.000000000000000e+00, 1.000000000000000e+00
1.000000000000000e+00, 2.000000000000000e+00, 1.333333333333333e+00
2.000000000000000e+00, 2.000000000000000e+00, 2.000000000000000e+00
3
1.000000000000000e+00, 2.000000000000000e+00, 1.333333333333333e+00
0.000000000000000e+00, 2.000000000000000e+00, 2.000000000000000e+00
2.000000000000000e+00, 2.000000000000000e+00, 2.000000000000000e+00
3
1.000000000000000e+00, 2.000000000000000e+00, 1.333333333333333e+00
2.000000000000000e+00, 2.000000000000000e+00, 2.000000000000000e+00
0.000000000000000e+00, 2.000000000000000e+00, 2.000000000000000e+00
3
1.500000000000000e+00, 2.000000000000000e+00, 1.000000000000000e+00
5.000000000000000e-01, 2.000000000000000e+00, 1.000000000000000e+00
1.000000000000000e+00, 2.000000000000000e+00, 1.333333333333333e+00
surf number: 10
4
2.000000000000000e+00, 0.000000000000000e+00, 0.000000000000000e+00
2.000000000000000e+00, 2.000000000000000e+00, 0.000000000000000e+00
0.000000000000000e+00, 2.000000000000000e+00, 0.000000000000000e+00
0.000000000000000e+00, 0.000000000000000e+00, 0.000000000000000e+00
4
0.000000000000000e+00, 2.000000000000000e+00, 0.000000000000000e+00
0.000000000000000e+00, 2.000000000000000e+00, 2.000000000000000e+00
0.000000000000000e+00, 0.000000000000000e+00, 2.000000000000000e+00
0.000000000000000e+00, 0.000000000000000e+00, 0.000000000000000e+00
4
2.000000000000000e+00, 0.000000000000000e+00, 2.000000000000000e+00
2.000000000000000e+00, 2.000000000000000e+00, 2.000000000000000e+00
2.000000000000000e+00, 2.000000000000000e+00, 0.000000000000000e+00
2.000000000000000e+00, 0.000000000000000e+00, 0.000000000000000e+00
4
0.000000000000000e+00, 2.000000000000000e+00, 2.000000000000000e+00
1.000000000000000e+00, 2.000000000000000e+00, 1.333333333333333e+00
1.000000000000000e+00, 0.000000000000000e+00, 1.333333333333333e+00
0.000000000000000e+00, 0.000000000000000e+00, 2.000000000000000e+00
4
1.000000000000000e+00, 2.000000000000000e+00, 1.333333333333333e+00
1.000000000000000e+00, 0.000000000000000e+00, 1.333333333333333e+00
1.500000000000000e+00, 0.000000000000000e+00, 1.000000000000000e+00
1.500000000000000e+00, 2.000000000000000e+00, 1.000000000000000e+00
4
1.000000000000000e+00, 2.000000000000000e+00, 1.333333333333333e+00
2.000000000000000e+00, 2.000000000000000e+00, 2.000000000000000e+00
2.000000000000000e+00, 0.000000000000000e+00, 2.000000000000000e+00
1.000000000000000e+00, 0.000000000000000e+00, 1.333333333333333e+00
4
5.000000000000000e-01, 2.000000000000000e+00, 1.000000000000000e+00
5.000000000000000e-01, 0.000000000000000e+00, 1.000000000000000e+00
1.000000000000000e+00, 0.000000000000000e+00, 1.333333333333333e+00
1.000000000000000e+00, 2.000000000000000e+00, 1.333333333333333e+00
4
5.000000000000000e-01, 2.000000000000000e+00, 1.000000000000000e+00
1.500000000000000e+00, 2.000000000000000e+00, 1.000000000000000e+00
1.500000000000000e+00, 0.000000000000000e+00, 1.000000000000000e+00
5.000000000000000e-01, 0.000000000000000e+00, 1.000000000000000e+00
8
0.000000000000000e+00, 0.000000000000000e+00, 2.000000000000000e+00
1.000000000000000e+00, 0.000000000000000e+00, 1.333333333333333e+00
5.000000000000000e-01, 0.000000000000000e+00, 1.000000000000000e+00
1.500000000000000e+00, 0.000000000000000e+00, 1.000000000000000e+00
1.000000000000000e+00, 0.000000000000000e+00, 1.333333333333333e+00
2.000000000000000e+00, 0.000000000000000e+00, 2.000000000000000e+00
2.000000000000000e+00, 0.000000000000000e+00, 0.000000000000000e+00
0.000000000000000e+00, 0.000000000000000e+00, 0.000000000000000e+00
8
2.000000000000000e+00, 2.000000000000000e+00, 0.000000000000000e+00
2.000000000000000e+00, 2.000000000000000e+00, 2.000000000000000e+00
1.000000000000000e+00, 2.000000000000000e+00, 1.333333333333333e+00
1.500000000000000e+00, 2.000000000000000e+00, 1.000000000000000e+00
5.000000000000000e-01, 2.000000000000000e+00, 1.000000000000000e+00
1.000000000000000e+00, 2.000000000000000e+00, 1.333333333333333e+00
0.000000000000000e+00, 2.000000000000000e+00, 2.000000000000000e+00
0.000000000000000e+00, 2.000000000000000e+00, 0.000000000000000e+00
surf number: 5
4
1.000000000000000e+00, 2.000000000000000e+00, 1.333333333333333e+00
1.500000000000000e+00, 2.000000000000000e+00, 1.000000000000000e+00
1.500000000000000e+00, 0.000000000000000e+00, 1.000000000000000e+00
1.000000000000000e+00, 0.000000000000000e+00, 1.333333333333333e+00
4
5.000000000000000e-01, 2.000000000000000e+00, 1.000000000000000e+00
1.000000000000000e+00, 2.000000000000000e+00, 1.333333333333333e+00
1.000000000000000e+00, 0.000000000000000e+00, 1.333333333333333e+00
5.000000000000000e-01, 0.000000000000000e+00, 1.000000000000000e+00
4
5.000000000000000e-01, 2.000000000000000e+00, 1.000000000000000e+00
5.000000000000000e-01, 0.000000000000000e+00, 1.000000000000000e+00
1.500000000000000e+00, 0.000000000000000e+00, 1.000000000000000e+00
1.500000000000000e+00, 2.000000000000000e+00, 1.000000000000000e+00
3
1.000000000000000e+00, 0.000000000000000e+00, 1.333333333333333e+00
1.500000000000000e+00, 0.000000000000000e+00, 1.000000000000000e+00
5.000000000000000e-01, 0.000000000000000e+00, 1.000000000000000e+00
3
1.500000000000000e+00, 2.000000000000000e+00, 1.000000000000000e+00
1.000000000000000e+00, 2.000000000000000e+00, 1.333333333333333e+00
5.000000000000000e-01, 2.000000000000000e+00, 1.000000000000000e+00
