volume number: 1
surf number: 6
4
3.000000000000000e+00, 2.000000000000000e+00, 1.343000000000000e+00
3.000000000000000e+00, 4.000000000000000e+00, 1.343000000000000e+00
2.000000000000000e+00, 4.000000000000000e+00, 1.343000000000000e+00
2.000000000000000e+00, 2.000000000000000e+00, 1.343000000000000e+00
4
2.000000000000000e+00, 4.000000000000000e+00, 2.000000000000000e+00
3.000000000000000e+00, 4.000000000000000e+00, 2.000000000000000e+00
3.000000000000000e+00, 2.000000000000000e+00, 2.000000000000000e+00
2.000000000000000e+00, 2.000000000000000e+00, 2.000000000000000e+00
4
2.000000000000000e+00, 4.000000000000000e+00, 1.343000000000000e+00
2.000000000000000e+00, 4.000000000000000e+00, 2.000000000000000e+00
2.000000000000000e+00, 2.000000000000000e+00, 2.000000000000000e+00
2.000000000000000e+00, 2.000000000000000e+00, 1.343000000000000e+00
4
3.000000000000000e+00, 4.000000000000000e+00, 1.343000000000000e+00
3.000000000000000e+00, 4.000000000000000e+00, 2.000000000000000e+00
2.000000000000000e+00, 4.000000000000000e+00, 2.000000000000000e+00
2.000000000000000e+00, 4.000000000000000e+00, 1.343000000000000e+00
4
2.000000000000000e+00, 2.000000000000000e+00, 2.000000000000000e+00
3.000000000000000e+00, 2.000000000000000e+00, 2.000000000000000e+00
3.000000000000000e+00, 2.000000000000000e+00, 1.343000000000000e+00
2.000000000000000e+00, 2.000000000000000e+00, 1.343000000000000e+00
4
3.000000000000000e+00, 4.000000000000000e+00, 1.343000000000000e+00
3.000000000000000e+00, 2.000000000000000e+00, 1.343000000000000e+00
3.000000000000000e+00, 2.000000000000000e+00, 2.000000000000000e+00
3.000000000000000e+00, 4.000000000000000e+00, 2.000000000000000e+00
