volume number: 1
surf number: 7
4
4.000000000000000e+00, 2.000000000000000e+00, 1.343000000000000e+00
4.000000000000000e+00, 4.000000000000000e+00, 1.343000000000000e+00
2.000000000000000e+00, 4.000000000000000e+00, 1.343000000000000e+00
2.000000000000000e+00, 2.000000000000000e+00, 1.343000000000000e+00
hole number: 1
4
2.500000000000000e+00, 3.500000000000000e+00, 1.343000000000000e+00
3.500000000000000e+00, 3.500000000000000e+00, 1.343000000000000e+00
3.500000000000000e+00, 2.500000000000000e+00, 1.343000000000000e+00
2.500000000000000e+00, 2.500000000000000e+00, 1.343000000000000e+00
4
3.500000000000000e+00, 2.500000000000000e+00, 1.343000000000000e+00
3.500000000000000e+00, 3.500000000000000e+00, 1.343000000000000e+00
2.500000000000000e+00, 3.500000000000000e+00, 1.343000000000000e+00
2.500000000000000e+00, 2.500000000000000e+00, 1.343000000000000e+00
4
2.000000000000000e+00, 4.000000000000000e+00, 2.000000000000000e+00
4.000000000000000e+00, 4.000000000000000e+00, 2.000000000000000e+00
4.000000000000000e+00, 2.000000000000000e+00, 2.000000000000000e+00
2.000000000000000e+00, 2.000000000000000e+00, 2.000000000000000e+00
4
2.000000000000000e+00, 4.000000000000000e+00, 1.343000000000000e+00
2.000000000000000e+00, 4.000000000000000e+00, 2.000000000000000e+00
2.000000000000000e+00, 2.000000000000000e+00, 2.000000000000000e+00
2.000000000000000e+00, 2.000000000000000e+00, 1.343000000000000e+00
4
4.000000000000000e+00, 4.000000000000000e+00, 1.343000000000000e+00
4.000000000000000e+00, 4.000000000000000e+00, 2.000000000000000e+00
2.000000000000000e+00, 4.000000000000000e+00, 2.000000000000000e+00
2.000000000000000e+00, 4.000000000000000e+00, 1.343000000000000e+00
4
4.000000000000000e+00, 2.000000000000000e+00, 2.000000000000000e+00
4.000000000000000e+00, 4.000000000000000e+00, 2.000000000000000e+00
4.000000000000000e+00, 4.000000000000000e+00, 1.343000000000000e+00
4.000000000000000e+00, 2.000000000000000e+00, 1.343000000000000e+00
4
2.000000000000000e+00, 2.000000000000000e+00, 2.000000000000000e+00
4.000000000000000e+00, 2.000000000000000e+00, 2.000000000000000e+00
4.000000000000000e+00, 2.000000000000000e+00, 1.343000000000000e+00
2.000000000000000e+00, 2.000000000000000e+00, 1.343000000000000e+00
